<?xml version="1.0" encoding="UTF-8"?>
<!-- Generated by org.testng.reporters.JUnitReportReporter -->
<testsuite hostname="DESKTOP-POO9BB3" failures="0" tests="2" name="dynamicParameterRunner.CucumberRunner" time="21.075" errors="1" timestamp="2023-08-02T08:56:09 AEST" skipped="0">
  <testcase classname="dynamicParameterRunner.CucumberRunner" name="runScenario" time="5.532"/>
  <system-out/>
  <testcase classname="dynamicParameterRunner.CucumberRunner" name="runScenario" time="15.543">
    <error message="Unable to find element with locator By.xpath: //p[text()=&#039;following error occurred during login: User not found.&#039;]
For documentation on this error, please visit: https://www.selenium.dev/documentation/webdriver/troubleshooting/errors#no-such-element-exception
Build info: version: &#039;4.10.0&#039;, revision: &#039;c14d967899&#039;
System info: os.name: &#039;Windows 10&#039;, os.arch: &#039;amd64&#039;, os.version: &#039;10.0&#039;, java.version: &#039;16.0.1&#039;
Driver info: driver.version: RemoteWebDriver" type="org.openqa.selenium.NoSuchElementException">
      <![CDATA[org.openqa.selenium.NoSuchElementException: Unable to find element with locator By.xpath: //p[text()='following error occurred during login: User not found.']
For documentation on this error, please visit: https://www.selenium.dev/documentation/webdriver/troubleshooting/errors#no-such-element-exception
Build info: version: '4.10.0', revision: 'c14d967899'
System info: os.name: 'Windows 10', os.arch: 'amd64', os.version: '10.0', java.version: '16.0.1'
Driver info: driver.version: RemoteWebDriver
at org.openqa.selenium.remote.ElementLocation$ElementFinder$2.findElement(ElementLocation.java:168)
at org.openqa.selenium.remote.ElementLocation.findElement(ElementLocation.java:59)
at org.openqa.selenium.remote.RemoteWebDriver.findElement(RemoteWebDriver.java:350)
at org.openqa.selenium.remote.RemoteWebDriver.findElement(RemoteWebDriver.java:344)
at dynamicParameterStepDefinition.LoginStepDefinition.erromsg(LoginStepDefinition.java:49)
at âœ½.Error message should be displayed(file:///D:/Testleaf_Swapna/SeleniumSeptember/src/test/java/dynamicParameterFeatures/Login.feature:15)
]]>
    </error>
  </testcase> <!-- runScenario -->
  <system-out/>
</testsuite> <!-- dynamicParameterRunner.CucumberRunner -->
